<?xml version="1.0" encoding="UTF-8"?>
<!-- Generated by org.testng.reporters.JUnitReportReporter -->
<testsuite hostname="LAPTOP-1LCQV5LB" failures="0" tests="1" name="testcases.launchTest" time="0.023" errors="0" timestamp="26 Jul 2020 12:22:53 GMT" skipped="0">
  <testcase classname="testcases.launchTest" name="verifyPageTitle" time="0.023"/>
</testsuite> <!-- testcases.launchTest -->
